# JRE version: Java(TM) SE Runtime Environment (8.0_151-b12) (build 1.8.0_151-b12)
# Java VM: Java HotSpot(TM) 64-Bit Server VM (25.151-b12 mixed mode windows-amd64 compressed oops)
Heap:
 PSYoungGen      total 224256K, used 134971K [0x000000076b580000, 0x000000077be80000, 0x00000007c0000000)
  eden space 208896K, 57% used [0x000000076b580000,0x0000000772aa3988,0x0000000778180000)
  from space 15360K, 97% used [0x000000077af80000,0x000000077be2b588,0x000000077be80000)
  to   space 18432K, 0% used [0x0000000779a80000,0x0000000779a80000,0x000000077ac80000)
 ParOldGen       total 167936K, used 16975K [0x00000006c2000000, 0x00000006cc400000, 0x000000076b580000)
  object space 167936K, 10% used [0x00000006c2000000,0x00000006c3093f88,0x00000006cc400000)
 Metaspace       used 55873K, capacity 58120K, committed 58368K, reserved 1099776K
  class space    used 6988K, capacity 7423K, committed 7424K, reserved 1048576K
GC Heap History (10 events):
Event: 24.310 GC heap before
{Heap before GC invocations=6 (full 1):
 PSYoungGen      total 107008K, used 98624K [0x000000076b580000, 0x0000000772c00000, 0x00000007c0000000)
  eden space 96256K, 100% used [0x000000076b580000,0x0000000771380000,0x0000000771380000)
  from space 10752K, 22% used [0x0000000771e00000,0x0000000772050000,0x0000000772880000)
  to   space 10752K, 0% used [0x0000000771380000,0x0000000771380000,0x0000000771e00000)
 ParOldGen       total 108032K, used 11837K [0x00000006c2000000, 0x00000006c8980000, 0x000000076b580000)
  object space 108032K, 10% used [0x00000006c2000000,0x00000006c2b8f470,0x00000006c8980000)
 Metaspace       used 25675K, capacity 26430K, committed 26624K, reserved 1073152K
  class space    used 3097K, capacity 3293K, committed 3328K, reserved 1048576K
Event: 24.322 GC heap after
Heap after GC invocations=6 (full 1):
 PSYoungGen      total 107008K, used 3360K [0x000000076b580000, 0x0000000776700000, 0x00000007c0000000)
  eden space 96256K, 0% used [0x000000076b580000,0x000000076b580000,0x0000000771380000)
  from space 10752K, 31% used [0x0000000771380000,0x00000007716c8000,0x0000000771e00000)
  to   space 15360K, 0% used [0x0000000775800000,0x0000000775800000,0x0000000776700000)
 ParOldGen       total 108032K, used 11845K [0x00000006c2000000, 0x00000006c8980000, 0x000000076b580000)
  object space 108032K, 10% used [0x00000006c2000000,0x00000006c2b91470,0x00000006c8980000)
 Metaspace       used 25675K, capacity 26430K, committed 26624K, reserved 1073152K
  class space    used 3097K, capacity 3293K, committed 3328K, reserved 1048576K
}
Event: 26.457 GC heap before
{Heap before GC invocations=7 (full 1):
 PSYoungGen      total 107008K, used 99616K [0x000000076b580000, 0x0000000776700000, 0x00000007c0000000)
  eden space 96256K, 100% used [0x000000076b580000,0x0000000771380000,0x0000000771380000)
  from space 10752K, 31% used [0x0000000771380000,0x00000007716c8000,0x0000000771e00000)
  to   space 15360K, 0% used [0x0000000775800000,0x0000000775800000,0x0000000776700000)
 ParOldGen       total 108032K, used 11845K [0x00000006c2000000, 0x00000006c8980000, 0x000000076b580000)
  object space 108032K, 10% used [0x00000006c2000000,0x00000006c2b91470,0x00000006c8980000)
 Metaspace       used 28233K, capacity 29226K, committed 29440K, reserved 1075200K
  class space    used 3326K, capacity 3567K, committed 3584K, reserved 1048576K
Event: 26.476 GC heap after
Heap after GC invocations=7 (full 1):
 PSYoungGen      total 164352K, used 5088K [0x000000076b580000, 0x0000000776480000, 0x00000007c0000000)
  eden space 151552K, 0% used [0x000000076b580000,0x000000076b580000,0x0000000774980000)
  from space 12800K, 39% used [0x0000000775800000,0x0000000775cf8390,0x0000000776480000)
  to   space 13824K, 0% used [0x0000000774980000,0x0000000774980000,0x0000000775700000)
 ParOldGen       total 108032K, used 11917K [0x00000006c2000000, 0x00000006c8980000, 0x000000076b580000)
  object space 108032K, 11% used [0x00000006c2000000,0x00000006c2ba3480,0x00000006c8980000)
 Metaspace       used 28233K, capacity 29226K, committed 29440K, reserved 1075200K
  class space    used 3326K, capacity 3567K, committed 3584K, reserved 1048576K
}
Event: 29.837 GC heap before
{Heap before GC invocations=8 (full 1):
 PSYoungGen      total 164352K, used 116152K [0x000000076b580000, 0x0000000776480000, 0x00000007c0000000)
  eden space 151552K, 73% used [0x000000076b580000,0x00000007721f5fd8,0x0000000774980000)
  from space 12800K, 39% used [0x0000000775800000,0x0000000775cf8390,0x0000000776480000)
  to   space 13824K, 0% used [0x0000000774980000,0x0000000774980000,0x0000000775700000)
 ParOldGen       total 108032K, used 11917K [0x00000006c2000000, 0x00000006c8980000, 0x000000076b580000)
  object space 108032K, 11% used [0x00000006c2000000,0x00000006c2ba3480,0x00000006c8980000)
 Metaspace       used 34236K, capacity 35362K, committed 35496K, reserved 1081344K
  class space    used 4067K, capacity 4339K, committed 4352K, reserved 1048576K
Event: 29.869 GC heap after
Heap after GC invocations=8 (full 1):
 PSYoungGen      total 165376K, used 12108K [0x000000076b580000, 0x000000077bf00000, 0x00000007c0000000)
  eden space 151552K, 0% used [0x000000076b580000,0x000000076b580000,0x0000000774980000)
  from space 13824K, 87% used [0x0000000774980000,0x0000000775553020,0x0000000775700000)
  to   space 15872K, 0% used [0x000000077af80000,0x000000077af80000,0x000000077bf00000)
 ParOldGen       total 108032K, used 11925K [0x00000006c2000000, 0x00000006c8980000, 0x000000076b580000)
  object space 108032K, 11% used [0x00000006c2000000,0x00000006c2ba5480,0x00000006c8980000)
 Metaspace       used 34236K, capacity 35362K, committed 35496K, reserved 1081344K
  class space    used 4067K, capacity 4339K, committed 4352K, reserved 1048576K
}
Event: 29.869 GC heap before
{Heap before GC invocations=9 (full 2):
 PSYoungGen      total 165376K, used 12108K [0x000000076b580000, 0x000000077bf00000, 0x00000007c0000000)
  eden space 151552K, 0% used [0x000000076b580000,0x000000076b580000,0x0000000774980000)
  from space 13824K, 87% used [0x0000000774980000,0x0000000775553020,0x0000000775700000)
  to   space 15872K, 0% used [0x000000077af80000,0x000000077af80000,0x000000077bf00000)
 ParOldGen       total 108032K, used 11925K [0x00000006c2000000, 0x00000006c8980000, 0x000000076b580000)
  object space 108032K, 11% used [0x00000006c2000000,0x00000006c2ba5480,0x00000006c8980000)
 Metaspace       used 34236K, capacity 35362K, committed 35496K, reserved 1081344K
  class space    used 4067K, capacity 4339K, committed 4352K, reserved 1048576K
Event: 30.071 GC heap after
Heap after GC invocations=9 (full 2):
 PSYoungGen      total 165376K, used 0K [0x000000076b580000, 0x000000077bf00000, 0x00000007c0000000)
  eden space 151552K, 0% used [0x000000076b580000,0x000000076b580000,0x0000000774980000)
  from space 13824K, 0% used [0x0000000774980000,0x0000000774980000,0x0000000775700000)
  to   space 15872K, 0% used [0x000000077af80000,0x000000077af80000,0x000000077bf00000)
 ParOldGen       total 167936K, used 16967K [0x00000006c2000000, 0x00000006cc400000, 0x000000076b580000)
  object space 167936K, 10% used [0x00000006c2000000,0x00000006c3091f88,0x00000006cc400000)
 Metaspace       used 34236K, capacity 35362K, committed 35496K, reserved 1081344K
  class space    used 4067K, capacity 4339K, committed 4352K, reserved 1048576K
}
Event: 38.869 GC heap before
{Heap before GC invocations=10 (full 2):
 PSYoungGen      total 165376K, used 151552K [0x000000076b580000, 0x000000077bf00000, 0x00000007c0000000)
  eden space 151552K, 100% used [0x000000076b580000,0x0000000774980000,0x0000000774980000)
  from space 13824K, 0% used [0x0000000774980000,0x0000000774980000,0x0000000775700000)
  to   space 15872K, 0% used [0x000000077af80000,0x000000077af80000,0x000000077bf00000)
 ParOldGen       total 167936K, used 16967K [0x00000006c2000000, 0x00000006cc400000, 0x000000076b580000)
  object space 167936K, 10% used [0x00000006c2000000,0x00000006c3091f88,0x00000006cc400000)
 Metaspace       used 47330K, capacity 48862K, committed 48896K, reserved 1091584K
  class space    used 6038K, capacity 6379K, committed 6400K, reserved 1048576K
Event: 38.897 GC heap after
Heap after GC invocations=10 (full 2):
 PSYoungGen      total 224256K, used 15021K [0x000000076b580000, 0x000000077be80000, 0x00000007c0000000)
  eden space 208896K, 0% used [0x000000076b580000,0x000000076b580000,0x0000000778180000)
  from space 15360K, 97% used [0x000000077af80000,0x000000077be2b588,0x000000077be80000)
  to   space 18432K, 0% used [0x0000000779a80000,0x0000000779a80000,0x000000077ac80000)
 ParOldGen       total 167936K, used 16975K [0x00000006c2000000, 0x00000006cc400000, 0x000000076b580000)
  object space 167936K, 10% used [0x00000006c2000000,0x00000006c3093f88,0x00000006cc400000)
 Metaspace       used 47330K, capacity 48862K, committed 48896K, reserved 1091584K
  class space    used 6038K, capacity 6379K, committed 6400K, reserved 1048576K
}

