# JRE version: Java(TM) SE Runtime Environment (8.0_151-b12) (build 1.8.0_151-b12)
# Java VM: Java HotSpot(TM) 64-Bit Server VM (25.151-b12 mixed mode windows-amd64 compressed oops)
Heap:
 PSYoungGen      total 229376K, used 181189K [0x000000076b580000, 0x000000077c900000, 0x00000007c0000000)
  eden space 215040K, 77% used [0x000000076b580000,0x00000007758932d8,0x0000000778780000)
  from space 14336K, 99% used [0x000000077bb00000,0x000000077c8de1a0,0x000000077c900000)
  to   space 17920K, 0% used [0x000000077a600000,0x000000077a600000,0x000000077b780000)
 ParOldGen       total 164864K, used 17202K [0x00000006c2000000, 0x00000006cc100000, 0x000000076b580000)
  object space 164864K, 10% used [0x00000006c2000000,0x00000006c30cc9d8,0x00000006cc100000)
 Metaspace       used 55872K, capacity 58044K, committed 58240K, reserved 1099776K
  class space    used 6995K, capacity 7447K, committed 7552K, reserved 1048576K
GC Heap History (10 events):
Event: 7.233 GC heap before
{Heap before GC invocations=6 (full 1):
 PSYoungGen      total 109568K, used 101376K [0x000000076b580000, 0x0000000772d80000, 0x00000007c0000000)
  eden space 98816K, 100% used [0x000000076b580000,0x0000000771600000,0x0000000771600000)
  from space 10752K, 23% used [0x0000000772080000,0x0000000772300000,0x0000000772b00000)
  to   space 10752K, 0% used [0x0000000771600000,0x0000000771600000,0x0000000772080000)
 ParOldGen       total 105984K, used 11648K [0x00000006c2000000, 0x00000006c8780000, 0x000000076b580000)
  object space 105984K, 10% used [0x00000006c2000000,0x00000006c2b60358,0x00000006c8780000)
 Metaspace       used 25686K, capacity 26454K, committed 26624K, reserved 1073152K
  class space    used 3100K, capacity 3297K, committed 3328K, reserved 1048576K
Event: 7.236 GC heap after
Heap after GC invocations=6 (full 1):
 PSYoungGen      total 109568K, used 3584K [0x000000076b580000, 0x0000000776a00000, 0x00000007c0000000)
  eden space 98816K, 0% used [0x000000076b580000,0x000000076b580000,0x0000000771600000)
  from space 10752K, 33% used [0x0000000771600000,0x0000000771980000,0x0000000772080000)
  to   space 14848K, 0% used [0x0000000775b80000,0x0000000775b80000,0x0000000776a00000)
 ParOldGen       total 105984K, used 11656K [0x00000006c2000000, 0x00000006c8780000, 0x000000076b580000)
  object space 105984K, 10% used [0x00000006c2000000,0x00000006c2b62358,0x00000006c8780000)
 Metaspace       used 25686K, capacity 26454K, committed 26624K, reserved 1073152K
  class space    used 3100K, capacity 3297K, committed 3328K, reserved 1048576K
}
Event: 7.788 GC heap before
{Heap before GC invocations=7 (full 1):
 PSYoungGen      total 109568K, used 102400K [0x000000076b580000, 0x0000000776a00000, 0x00000007c0000000)
  eden space 98816K, 100% used [0x000000076b580000,0x0000000771600000,0x0000000771600000)
  from space 10752K, 33% used [0x0000000771600000,0x0000000771980000,0x0000000772080000)
  to   space 14848K, 0% used [0x0000000775b80000,0x0000000775b80000,0x0000000776a00000)
 ParOldGen       total 105984K, used 11656K [0x00000006c2000000, 0x00000006c8780000, 0x000000076b580000)
  object space 105984K, 10% used [0x00000006c2000000,0x00000006c2b62358,0x00000006c8780000)
 Metaspace       used 28229K, capacity 29168K, committed 29184K, reserved 1075200K
  class space    used 3326K, capacity 3568K, committed 3584K, reserved 1048576K
Event: 7.795 GC heap after
Heap after GC invocations=7 (full 1):
 PSYoungGen      total 171008K, used 5929K [0x000000076b580000, 0x0000000776c00000, 0x00000007c0000000)
  eden space 156160K, 0% used [0x000000076b580000,0x000000076b580000,0x0000000774e00000)
  from space 14848K, 39% used [0x0000000775b80000,0x000000077614a710,0x0000000776a00000)
  to   space 13824K, 0% used [0x0000000774e00000,0x0000000774e00000,0x0000000775b80000)
 ParOldGen       total 105984K, used 11728K [0x00000006c2000000, 0x00000006c8780000, 0x000000076b580000)
  object space 105984K, 11% used [0x00000006c2000000,0x00000006c2b74368,0x00000006c8780000)
 Metaspace       used 28229K, capacity 29168K, committed 29184K, reserved 1075200K
  class space    used 3326K, capacity 3568K, committed 3584K, reserved 1048576K
}
Event: 8.768 GC heap before
{Heap before GC invocations=8 (full 1):
 PSYoungGen      total 171008K, used 114865K [0x000000076b580000, 0x0000000776c00000, 0x00000007c0000000)
  eden space 156160K, 69% used [0x000000076b580000,0x0000000771fe1f40,0x0000000774e00000)
  from space 14848K, 39% used [0x0000000775b80000,0x000000077614a710,0x0000000776a00000)
  to   space 13824K, 0% used [0x0000000774e00000,0x0000000774e00000,0x0000000775b80000)
 ParOldGen       total 105984K, used 11728K [0x00000006c2000000, 0x00000006c8780000, 0x000000076b580000)
  object space 105984K, 11% used [0x00000006c2000000,0x00000006c2b74368,0x00000006c8780000)
 Metaspace       used 34149K, capacity 35354K, committed 35496K, reserved 1081344K
  class space    used 4030K, capacity 4327K, committed 4352K, reserved 1048576K
Event: 8.778 GC heap after
Heap after GC invocations=8 (full 1):
 PSYoungGen      total 169984K, used 12533K [0x000000076b580000, 0x000000077ca80000, 0x00000007c0000000)
  eden space 156160K, 0% used [0x000000076b580000,0x000000076b580000,0x0000000774e00000)
  from space 13824K, 90% used [0x0000000774e00000,0x0000000775a3d638,0x0000000775b80000)
  to   space 15872K, 0% used [0x000000077bb00000,0x000000077bb00000,0x000000077ca80000)
 ParOldGen       total 105984K, used 11736K [0x00000006c2000000, 0x00000006c8780000, 0x000000076b580000)
  object space 105984K, 11% used [0x00000006c2000000,0x00000006c2b76368,0x00000006c8780000)
 Metaspace       used 34149K, capacity 35354K, committed 35496K, reserved 1081344K
  class space    used 4030K, capacity 4327K, committed 4352K, reserved 1048576K
}
Event: 8.778 GC heap before
{Heap before GC invocations=9 (full 2):
 PSYoungGen      total 169984K, used 12533K [0x000000076b580000, 0x000000077ca80000, 0x00000007c0000000)
  eden space 156160K, 0% used [0x000000076b580000,0x000000076b580000,0x0000000774e00000)
  from space 13824K, 90% used [0x0000000774e00000,0x0000000775a3d638,0x0000000775b80000)
  to   space 15872K, 0% used [0x000000077bb00000,0x000000077bb00000,0x000000077ca80000)
 ParOldGen       total 105984K, used 11736K [0x00000006c2000000, 0x00000006c8780000, 0x000000076b580000)
  object space 105984K, 11% used [0x00000006c2000000,0x00000006c2b76368,0x00000006c8780000)
 Metaspace       used 34149K, capacity 35354K, committed 35496K, reserved 1081344K
  class space    used 4030K, capacity 4327K, committed 4352K, reserved 1048576K
Event: 8.845 GC heap after
Heap after GC invocations=9 (full 2):
 PSYoungGen      total 169984K, used 0K [0x000000076b580000, 0x000000077ca80000, 0x00000007c0000000)
  eden space 156160K, 0% used [0x000000076b580000,0x000000076b580000,0x0000000774e00000)
  from space 13824K, 0% used [0x0000000774e00000,0x0000000774e00000,0x0000000775b80000)
  to   space 15872K, 0% used [0x000000077bb00000,0x000000077bb00000,0x000000077ca80000)
 ParOldGen       total 164864K, used 17194K [0x00000006c2000000, 0x00000006cc100000, 0x000000076b580000)
  object space 164864K, 10% used [0x00000006c2000000,0x00000006c30ca9d8,0x00000006cc100000)
 Metaspace       used 34149K, capacity 35354K, committed 35496K, reserved 1081344K
  class space    used 4030K, capacity 4327K, committed 4352K, reserved 1048576K
}
Event: 11.754 GC heap before
{Heap before GC invocations=10 (full 2):
 PSYoungGen      total 169984K, used 156160K [0x000000076b580000, 0x000000077ca80000, 0x00000007c0000000)
  eden space 156160K, 100% used [0x000000076b580000,0x0000000774e00000,0x0000000774e00000)
  from space 13824K, 0% used [0x0000000774e00000,0x0000000774e00000,0x0000000775b80000)
  to   space 15872K, 0% used [0x000000077bb00000,0x000000077bb00000,0x000000077ca80000)
 ParOldGen       total 164864K, used 17194K [0x00000006c2000000, 0x00000006cc100000, 0x000000076b580000)
  object space 164864K, 10% used [0x00000006c2000000,0x00000006c30ca9d8,0x00000006cc100000)
 Metaspace       used 46871K, capacity 48506K, committed 48640K, reserved 1091584K
  class space    used 5976K, capacity 6349K, committed 6400K, reserved 1048576K
Event: 11.766 GC heap after
Heap after GC invocations=10 (full 2):
 PSYoungGen      total 229376K, used 14200K [0x000000076b580000, 0x000000077c900000, 0x00000007c0000000)
  eden space 215040K, 0% used [0x000000076b580000,0x000000076b580000,0x0000000778780000)
  from space 14336K, 99% used [0x000000077bb00000,0x000000077c8de1a0,0x000000077c900000)
  to   space 17920K, 0% used [0x000000077a600000,0x000000077a600000,0x000000077b780000)
 ParOldGen       total 164864K, used 17202K [0x00000006c2000000, 0x00000006cc100000, 0x000000076b580000)
  object space 164864K, 10% used [0x00000006c2000000,0x00000006c30cc9d8,0x00000006cc100000)
 Metaspace       used 46871K, capacity 48506K, committed 48640K, reserved 1091584K
  class space    used 5976K, capacity 6349K, committed 6400K, reserved 1048576K
}

